{
  "uid" : "2b7e639020ac127b",
  "name" : "Remove All Products From Cart",
  "fullName" : "tests.product_management_feature_test.TestProductManagementFeature#test_remove_product_from_cart_until_products_present",
  "historyId" : "f348e6fd044b53ac7610866cf3c2ac85",
  "time" : {
    "start" : 1705931896869,
    "stop" : 1705931913426,
    "duration" : 16557
  },
  "status" : "broken",
  "statusMessage" : "selenium.common.exceptions.TimeoutException: Message:",
  "statusTrace" : "self = <tests.product_management_feature_test.TestProductManagementFeature object at 0x7f6c6fb533e0>\n\n    @allure.title(\"Remove All Products From Cart\")\n    @allure.severity(allure.severity_level.CRITICAL)\n    @allure.story(\"Cart & Wishlist\")\n    @allure.tag('TestCaseID: ~')\n    def test_remove_product_from_cart_until_products_present(self):\n        self.home_page.open()\n        self.home_page.is_opened()\n        self.home_page.click_products_button()\n>       self.products_page.is_opened()\n\ntests/product_management_feature_test.py:134: \n_ _ _ _ _ _ _ _ _ _ _ _ _ _ _ _ _ _ _ _ _ _ _ _ _ _ _ _ _ _ _ _ _ _ _ _ _ _ _ _ \npages/base_page.py:28: in is_opened\n    self.wait.until(EC.url_to_be(self.PAGE_URL))\n_ _ _ _ _ _ _ _ _ _ _ _ _ _ _ _ _ _ _ _ _ _ _ _ _ _ _ _ _ _ _ _ _ _ _ _ _ _ _ _ \n\nself = <selenium.webdriver.support.wait.WebDriverWait (session=\"9c7bf38636e5ba8053999279bd52a36e\")>\nmethod = <function url_to_be.<locals>._predicate at 0x7f6c6bce3f60>\nmessage = ''\n\n    def until(self, method: Callable[[D], Union[Literal[False], T]], message: str = \"\") -> T:\n        \"\"\"Calls the method provided with the driver as an argument until the \\\n        return value does not evaluate to ``False``.\n    \n        :param method: callable(WebDriver)\n        :param message: optional message for :exc:`TimeoutException`\n        :returns: the result of the last call to `method`\n        :raises: :exc:`selenium.common.exceptions.TimeoutException` if timeout occurs\n        \"\"\"\n        screen = None\n        stacktrace = None\n    \n        end_time = time.monotonic() + self._timeout\n        while True:\n            try:\n                value = method(self._driver)\n                if value:\n                    return value\n            except self._ignored_exceptions as exc:\n                screen = getattr(exc, \"screen\", None)\n                stacktrace = getattr(exc, \"stacktrace\", None)\n            time.sleep(self._poll)\n            if time.monotonic() > end_time:\n                break\n>       raise TimeoutException(message, screen, stacktrace)\nE       selenium.common.exceptions.TimeoutException: Message:\n\n../local/lib/python3.12/site-packages/selenium/webdriver/support/wait.py:105: TimeoutException",
  "flaky" : false,
  "newFailed" : false,
  "beforeStages" : [ {
    "name" : "_session_faker",
    "time" : {
      "start" : 1705931815716,
      "stop" : 1705931815802,
      "duration" : 86
    },
    "status" : "passed",
    "steps" : [ ],
    "attachments" : [ ],
    "parameters" : [ ],
    "attachmentsCount" : 0,
    "shouldDisplayMessage" : false,
    "stepsCount" : 0,
    "hasContent" : false
  }, {
    "name" : "browser",
    "time" : {
      "start" : 1705931895786,
      "stop" : 1705931896661,
      "duration" : 875
    },
    "status" : "passed",
    "steps" : [ ],
    "attachments" : [ ],
    "parameters" : [ ],
    "attachmentsCount" : 0,
    "shouldDisplayMessage" : false,
    "stepsCount" : 0,
    "hasContent" : false
  }, {
    "name" : "setup",
    "time" : {
      "start" : 1705931896662,
      "stop" : 1705931896869,
      "duration" : 207
    },
    "status" : "passed",
    "steps" : [ ],
    "attachments" : [ ],
    "parameters" : [ ],
    "attachmentsCount" : 0,
    "shouldDisplayMessage" : false,
    "stepsCount" : 0,
    "hasContent" : false
  } ],
  "testStage" : {
    "status" : "broken",
    "statusMessage" : "selenium.common.exceptions.TimeoutException: Message:",
    "statusTrace" : "self = <tests.product_management_feature_test.TestProductManagementFeature object at 0x7f6c6fb533e0>\n\n    @allure.title(\"Remove All Products From Cart\")\n    @allure.severity(allure.severity_level.CRITICAL)\n    @allure.story(\"Cart & Wishlist\")\n    @allure.tag('TestCaseID: ~')\n    def test_remove_product_from_cart_until_products_present(self):\n        self.home_page.open()\n        self.home_page.is_opened()\n        self.home_page.click_products_button()\n>       self.products_page.is_opened()\n\ntests/product_management_feature_test.py:134: \n_ _ _ _ _ _ _ _ _ _ _ _ _ _ _ _ _ _ _ _ _ _ _ _ _ _ _ _ _ _ _ _ _ _ _ _ _ _ _ _ \npages/base_page.py:28: in is_opened\n    self.wait.until(EC.url_to_be(self.PAGE_URL))\n_ _ _ _ _ _ _ _ _ _ _ _ _ _ _ _ _ _ _ _ _ _ _ _ _ _ _ _ _ _ _ _ _ _ _ _ _ _ _ _ \n\nself = <selenium.webdriver.support.wait.WebDriverWait (session=\"9c7bf38636e5ba8053999279bd52a36e\")>\nmethod = <function url_to_be.<locals>._predicate at 0x7f6c6bce3f60>\nmessage = ''\n\n    def until(self, method: Callable[[D], Union[Literal[False], T]], message: str = \"\") -> T:\n        \"\"\"Calls the method provided with the driver as an argument until the \\\n        return value does not evaluate to ``False``.\n    \n        :param method: callable(WebDriver)\n        :param message: optional message for :exc:`TimeoutException`\n        :returns: the result of the last call to `method`\n        :raises: :exc:`selenium.common.exceptions.TimeoutException` if timeout occurs\n        \"\"\"\n        screen = None\n        stacktrace = None\n    \n        end_time = time.monotonic() + self._timeout\n        while True:\n            try:\n                value = method(self._driver)\n                if value:\n                    return value\n            except self._ignored_exceptions as exc:\n                screen = getattr(exc, \"screen\", None)\n                stacktrace = getattr(exc, \"stacktrace\", None)\n            time.sleep(self._poll)\n            if time.monotonic() > end_time:\n                break\n>       raise TimeoutException(message, screen, stacktrace)\nE       selenium.common.exceptions.TimeoutException: Message:\n\n../local/lib/python3.12/site-packages/selenium/webdriver/support/wait.py:105: TimeoutException",
    "steps" : [ {
      "name" : "Open https://automationexercise.com/ page",
      "time" : {
        "start" : 1705931896869,
        "stop" : 1705931898233,
        "duration" : 1364
      },
      "status" : "passed",
      "steps" : [ ],
      "attachments" : [ ],
      "parameters" : [ ],
      "attachmentsCount" : 0,
      "shouldDisplayMessage" : false,
      "stepsCount" : 0,
      "hasContent" : false
    }, {
      "name" : "Page https://automationexercise.com/ is opened",
      "time" : {
        "start" : 1705931898233,
        "stop" : 1705931898236,
        "duration" : 3
      },
      "status" : "passed",
      "steps" : [ ],
      "attachments" : [ ],
      "parameters" : [ ],
      "attachmentsCount" : 0,
      "shouldDisplayMessage" : false,
      "stepsCount" : 0,
      "hasContent" : false
    }, {
      "name" : "Click products header button",
      "time" : {
        "start" : 1705931898236,
        "stop" : 1705931898377,
        "duration" : 141
      },
      "status" : "passed",
      "steps" : [ ],
      "attachments" : [ ],
      "parameters" : [ ],
      "attachmentsCount" : 0,
      "shouldDisplayMessage" : false,
      "stepsCount" : 0,
      "hasContent" : false
    }, {
      "name" : "Page https://automationexercise.com/products is opened",
      "time" : {
        "start" : 1705931898378,
        "stop" : 1705931913425,
        "duration" : 15047
      },
      "status" : "broken",
      "statusMessage" : "selenium.common.exceptions.TimeoutException: Message: \n\n",
      "statusTrace" : "  File \"/usr/workspace/pages/base_page.py\", line 28, in is_opened\n    self.wait.until(EC.url_to_be(self.PAGE_URL))\n  File \"/usr/local/lib/python3.12/site-packages/selenium/webdriver/support/wait.py\", line 105, in until\n    raise TimeoutException(message, screen, stacktrace)\n",
      "steps" : [ ],
      "attachments" : [ ],
      "parameters" : [ ],
      "attachmentsCount" : 0,
      "shouldDisplayMessage" : true,
      "stepsCount" : 0,
      "hasContent" : true
    } ],
    "attachments" : [ ],
    "parameters" : [ ],
    "attachmentsCount" : 0,
    "shouldDisplayMessage" : true,
    "stepsCount" : 4,
    "hasContent" : true
  },
  "afterStages" : [ {
    "name" : "browser::0",
    "time" : {
      "start" : 1705931913433,
      "stop" : 1705931913548,
      "duration" : 115
    },
    "status" : "passed",
    "steps" : [ ],
    "attachments" : [ ],
    "parameters" : [ ],
    "attachmentsCount" : 0,
    "shouldDisplayMessage" : false,
    "stepsCount" : 0,
    "hasContent" : false
  } ],
  "labels" : [ {
    "name" : "severity",
    "value" : "critical"
  }, {
    "name" : "story",
    "value" : "Cart & Wishlist"
  }, {
    "name" : "feature",
    "value" : "Product Management"
  }, {
    "name" : "tag",
    "value" : "TestCaseID: ~"
  }, {
    "name" : "parentSuite",
    "value" : "tests"
  }, {
    "name" : "suite",
    "value" : "product_management_feature_test"
  }, {
    "name" : "subSuite",
    "value" : "TestProductManagementFeature"
  }, {
    "name" : "host",
    "value" : "c9dff1d52732"
  }, {
    "name" : "thread",
    "value" : "1-MainThread"
  }, {
    "name" : "framework",
    "value" : "pytest"
  }, {
    "name" : "language",
    "value" : "cpython3"
  }, {
    "name" : "package",
    "value" : "tests.product_management_feature_test"
  }, {
    "name" : "resultFormat",
    "value" : "allure2"
  } ],
  "parameters" : [ ],
  "links" : [ ],
  "hidden" : true,
  "retry" : true,
  "extra" : {
    "categories" : [ ],
    "tags" : [ "TestCaseID: ~" ]
  },
  "source" : "2b7e639020ac127b.json",
  "parameterValues" : [ ]
}